<?xml version="1.0" encoding="UTF-8"?>
<!-- Generated by org.testng.reporters.JUnitReportReporter -->
<testsuite hostname="AMIT-D" failures="0" tests="2" name="UK.LoginTest" time="86.222" errors="0" timestamp="2024-09-11T19:48:57 IST" skipped="0">
  <testcase classname="UK.LoginTest" name="testSuccLogin" time="54.102"/>
  <system-out/>
  <testcase classname="UK.LoginTest" name="UnsuccessfulLogin" time="32.120"/>
  <system-out/>
</testsuite> <!-- UK.LoginTest -->
